Grading at 11/21/2020:03:14:28.417839
For commit ID 1ac4a8779f098f3c74230624afb360e1fec0cbb0
Grading at Sat Nov 21 11:14:27 CST 2020
Doing some basic sanity checking for your submission

Step 1
Checking that cyoa-step1 compiles
rm -f *~ cyoa-step1 cyoa-step2 cyoa-step3 cyoa-step4 cyoa-step1.o cyoa-step2.o cyoa-step3.o cyoa-step4.o rand_story.o
g++    -c -o cyoa-step1.o cyoa-step1.cpp
g++ -o cyoa-step1 cyoa-step1.o page.o book.o
rm cyoa-step1.o
Testing ./cyoa-step1 story1/page1.txt 
Line_22_did_not_match
Line_23_did_not_match
Line_24_did_not_match
Your file did not match the expected ouput
Testing ./cyoa-step1 story1/page8.txt 
Your file matched the expected output
Testing ./cyoa-step1 story1/page11.txt 
Your file matched the expected output

Step 2
Checking that cyoa-step2 compiles
rm -f *~ cyoa-step1 cyoa-step2 cyoa-step3 cyoa-step4 cyoa-step1.o cyoa-step2.o cyoa-step3.o cyoa-step4.o rand_story.o
The code did not compile!

Step 3
Checking that cyoa-step3 compiles
rm -f *~ cyoa-step1 cyoa-step2 cyoa-step3 cyoa-step4 cyoa-step1.o cyoa-step2.o cyoa-step3.o cyoa-step4.o rand_story.o
g++    -c -o cyoa-step3.o cyoa-step3.cpp
g++ -o cyoa-step3 cyoa-step3.o page.o book.o
rm cyoa-step3.o
Testing ./cyoa-step3 story1 
Your file matched the expected output
Testing ./cyoa-step3 cycle 
Your file matched the expected output

Step 4
Checking that cyoa-step4 compiles
rm -f *~ cyoa-step1 cyoa-step2 cyoa-step3 cyoa-step4 cyoa-step1.o cyoa-step2.o cyoa-step3.o cyoa-step4.o rand_story.o
The code did not compile!

Step 1: FAILED
Step 2: FAILED
Step 3: PASSED
Step 4: FAILED

You have NOT passed the pregrader's test cases.
You should go back and debug the indicated step(s).

Overall Grade: NO GRADE YET
